<?xml version="1.0" encoding="UTF-8"?>
<testsuite name="com.acelera.ti.stock.domain.usecase.orchestrator.FilterProductsByStockUseCaseTest" tests="8" skipped="0" failures="0" errors="0" timestamp="2023-03-27T00:36:42" hostname="LAPTOP-M11UP4GC" time="0.089">
  <properties/>
  <testcase name="Filter products by Brand" classname="com.acelera.ti.stock.domain.usecase.orchestrator.FilterProductsByStockUseCaseTest" time="0.014"/>
  <testcase name="Filter products by price" classname="com.acelera.ti.stock.domain.usecase.orchestrator.FilterProductsByStockUseCaseTest" time="0.007"/>
  <testcase name="Filter products by Brand and Category" classname="com.acelera.ti.stock.domain.usecase.orchestrator.FilterProductsByStockUseCaseTest" time="0.009"/>
  <testcase name="Filter products by Price and Category" classname="com.acelera.ti.stock.domain.usecase.orchestrator.FilterProductsByStockUseCaseTest" time="0.006"/>
  <testcase name="Filter products with invalid filter parameters" classname="com.acelera.ti.stock.domain.usecase.orchestrator.FilterProductsByStockUseCaseTest" time="0.006"/>
  <testcase name="Filter products with all parameters" classname="com.acelera.ti.stock.domain.usecase.orchestrator.FilterProductsByStockUseCaseTest" time="0.018"/>
  <testcase name="Filter products by Category" classname="com.acelera.ti.stock.domain.usecase.orchestrator.FilterProductsByStockUseCaseTest" time="0.007"/>
  <testcase name="Filter products by Brand and Price" classname="com.acelera.ti.stock.domain.usecase.orchestrator.FilterProductsByStockUseCaseTest" time="0.007"/>
  <system-out><![CDATA[2023-03-26T19:36:42.721-05:00  INFO 34032 --- [    Test worker] t.c.s.AnnotationConfigContextLoaderUtils : Could not detect default configuration classes for test class [com.acelera.ti.stock.domain.usecase.orchestrator.FilterProductsByStockUseCaseTest]: FilterProductsByStockUseCaseTest does not declare any static, non-private, non-final, nested classes annotated with @Configuration.
2023-03-26T19:36:42.754-05:00  INFO 34032 --- [    Test worker] .b.t.c.SpringBootTestContextBootstrapper : Found @SpringBootConfiguration com.acelera.ti.stock.StockApplication for test class com.acelera.ti.stock.domain.usecase.orchestrator.FilterProductsByStockUseCaseTest
]]></system-out>
  <system-err><![CDATA[]]></system-err>
</testsuite>
