<?xml version="1.0" encoding="UTF-8"?>
<testsuite name="com.acelera.ti.stock.domain.usecase.orchestrator.FilterProductsByStockUseCaseTest" tests="8" skipped="0" failures="0" errors="0" timestamp="2023-03-27T17:35:32" hostname="LAPTOP-M11UP4GC" time="0.113">
  <properties/>
  <testcase name="Filter products by Brand" classname="com.acelera.ti.stock.domain.usecase.orchestrator.FilterProductsByStockUseCaseTest" time="0.054"/>
  <testcase name="Filter products by price" classname="com.acelera.ti.stock.domain.usecase.orchestrator.FilterProductsByStockUseCaseTest" time="0.005"/>
  <testcase name="Filter products by Brand and Category" classname="com.acelera.ti.stock.domain.usecase.orchestrator.FilterProductsByStockUseCaseTest" time="0.007"/>
  <testcase name="Filter products by Price and Category" classname="com.acelera.ti.stock.domain.usecase.orchestrator.FilterProductsByStockUseCaseTest" time="0.005"/>
  <testcase name="Filter products with invalid filter parameters" classname="com.acelera.ti.stock.domain.usecase.orchestrator.FilterProductsByStockUseCaseTest" time="0.006"/>
  <testcase name="Filter products with all parameters" classname="com.acelera.ti.stock.domain.usecase.orchestrator.FilterProductsByStockUseCaseTest" time="0.012"/>
  <testcase name="Filter products by Category" classname="com.acelera.ti.stock.domain.usecase.orchestrator.FilterProductsByStockUseCaseTest" time="0.005"/>
  <testcase name="Filter products by Brand and Price" classname="com.acelera.ti.stock.domain.usecase.orchestrator.FilterProductsByStockUseCaseTest" time="0.006"/>
  <system-out><![CDATA[12:35:28.007 [Test worker] DEBUG org.springframework.test.context.BootstrapUtils - Instantiating CacheAwareContextLoaderDelegate from class [org.springframework.test.context.cache.DefaultCacheAwareContextLoaderDelegate]
12:35:28.020 [Test worker] DEBUG org.springframework.test.context.BootstrapUtils - Instantiating BootstrapContext using constructor [public org.springframework.test.context.support.DefaultBootstrapContext(java.lang.Class,org.springframework.test.context.CacheAwareContextLoaderDelegate)]
12:35:28.061 [Test worker] DEBUG org.springframework.test.context.BootstrapUtils - Instantiating TestContextBootstrapper for test class [com.acelera.ti.stock.domain.usecase.orchestrator.FilterProductsByStockUseCaseTest] from class [org.springframework.boot.test.context.SpringBootTestContextBootstrapper]
12:35:28.074 [Test worker] INFO org.springframework.boot.test.context.SpringBootTestContextBootstrapper - Neither @ContextConfiguration nor @ContextHierarchy found for test class [com.acelera.ti.stock.domain.usecase.orchestrator.FilterProductsByStockUseCaseTest], using SpringBootContextLoader
12:35:28.079 [Test worker] DEBUG org.springframework.test.context.support.AbstractContextLoader - Did not detect default resource location for test class [com.acelera.ti.stock.domain.usecase.orchestrator.FilterProductsByStockUseCaseTest]: class path resource [com/acelera/ti/stock/domain/usecase/orchestrator/FilterProductsByStockUseCaseTest-context.xml] does not exist
12:35:28.080 [Test worker] DEBUG org.springframework.test.context.support.AbstractContextLoader - Did not detect default resource location for test class [com.acelera.ti.stock.domain.usecase.orchestrator.FilterProductsByStockUseCaseTest]: class path resource [com/acelera/ti/stock/domain/usecase/orchestrator/FilterProductsByStockUseCaseTestContext.groovy] does not exist
12:35:28.080 [Test worker] INFO org.springframework.test.context.support.AbstractContextLoader - Could not detect default resource locations for test class [com.acelera.ti.stock.domain.usecase.orchestrator.FilterProductsByStockUseCaseTest]: no resource found for suffixes {-context.xml, Context.groovy}.
12:35:28.081 [Test worker] INFO org.springframework.test.context.support.AnnotationConfigContextLoaderUtils - Could not detect default configuration classes for test class [com.acelera.ti.stock.domain.usecase.orchestrator.FilterProductsByStockUseCaseTest]: FilterProductsByStockUseCaseTest does not declare any static, non-private, non-final, nested classes annotated with @Configuration.
12:35:28.124 [Test worker] DEBUG org.springframework.test.context.support.ActiveProfilesUtils - Could not find an 'annotation declaring class' for annotation type [org.springframework.test.context.ActiveProfiles] and class [com.acelera.ti.stock.domain.usecase.orchestrator.FilterProductsByStockUseCaseTest]
12:35:28.207 [Test worker] DEBUG org.springframework.context.annotation.ClassPathScanningCandidateComponentProvider - Identified candidate component class: file [C:\aceleraTiStock_2\ms-stock\build\classes\java\main\com\acelera\ti\stock\StockApplication.class]
12:35:28.208 [Test worker] INFO org.springframework.boot.test.context.SpringBootTestContextBootstrapper - Found @SpringBootConfiguration com.acelera.ti.stock.StockApplication for test class com.acelera.ti.stock.domain.usecase.orchestrator.FilterProductsByStockUseCaseTest
12:35:28.323 [Test worker] DEBUG org.springframework.boot.test.context.SpringBootTestContextBootstrapper - @TestExecutionListeners is not present for class [com.acelera.ti.stock.domain.usecase.orchestrator.FilterProductsByStockUseCaseTest]: using defaults.
12:35:28.324 [Test worker] INFO org.springframework.boot.test.context.SpringBootTestContextBootstrapper - Loaded default TestExecutionListener class names from location [META-INF/spring.factories]: [org.springframework.boot.test.autoconfigure.restdocs.RestDocsTestExecutionListener, org.springframework.boot.test.autoconfigure.web.client.MockRestServiceServerResetTestExecutionListener, org.springframework.boot.test.autoconfigure.web.servlet.MockMvcPrintOnlyOnFailureTestExecutionListener, org.springframework.boot.test.autoconfigure.web.servlet.WebDriverTestExecutionListener, org.springframework.boot.test.autoconfigure.webservices.client.MockWebServiceServerTestExecutionListener, org.springframework.boot.test.mock.mockito.MockitoTestExecutionListener, org.springframework.boot.test.mock.mockito.ResetMocksTestExecutionListener, org.springframework.test.context.web.ServletTestExecutionListener, org.springframework.test.context.support.DirtiesContextBeforeModesTestExecutionListener, org.springframework.test.context.event.ApplicationEventsTestExecutionListener, org.springframework.test.context.support.DependencyInjectionTestExecutionListener, org.springframework.test.context.support.DirtiesContextTestExecutionListener, org.springframework.test.context.transaction.TransactionalTestExecutionListener, org.springframework.test.context.jdbc.SqlScriptsTestExecutionListener, org.springframework.test.context.event.EventPublishingTestExecutionListener]
12:35:28.340 [Test worker] DEBUG org.springframework.boot.test.context.SpringBootTestContextBootstrapper - Skipping candidate TestExecutionListener [org.springframework.test.context.transaction.TransactionalTestExecutionListener] due to a missing dependency. Specify custom listener classes or make the default listener classes and their required dependencies available. Offending class: [org/springframework/transaction/interceptor/TransactionAttributeSource]
12:35:28.341 [Test worker] DEBUG org.springframework.boot.test.context.SpringBootTestContextBootstrapper - Skipping candidate TestExecutionListener [org.springframework.test.context.jdbc.SqlScriptsTestExecutionListener] due to a missing dependency. Specify custom listener classes or make the default listener classes and their required dependencies available. Offending class: [org/springframework/transaction/interceptor/TransactionAttribute]
12:35:28.341 [Test worker] INFO org.springframework.boot.test.context.SpringBootTestContextBootstrapper - Using TestExecutionListeners: [org.springframework.test.context.web.ServletTestExecutionListener@5d465e4b, org.springframework.test.context.support.DirtiesContextBeforeModesTestExecutionListener@53e211ee, org.springframework.test.context.event.ApplicationEventsTestExecutionListener@41a90fa8, org.springframework.boot.test.mock.mockito.MockitoTestExecutionListener@3d8bbcdc, org.springframework.boot.test.autoconfigure.SpringBootDependencyInjectionTestExecutionListener@52500920, org.springframework.test.context.support.DirtiesContextTestExecutionListener@117e0fe5, org.springframework.test.context.event.EventPublishingTestExecutionListener@18a3962d, org.springframework.boot.test.autoconfigure.restdocs.RestDocsTestExecutionListener@78aea4b9, org.springframework.boot.test.autoconfigure.web.client.MockRestServiceServerResetTestExecutionListener@2a65bb85, org.springframework.boot.test.autoconfigure.web.servlet.MockMvcPrintOnlyOnFailureTestExecutionListener@4b85880b, org.springframework.boot.test.autoconfigure.web.servlet.WebDriverTestExecutionListener@4f936da8, org.springframework.boot.test.autoconfigure.webservices.client.MockWebServiceServerTestExecutionListener@4215838f, org.springframework.boot.test.mock.mockito.ResetMocksTestExecutionListener@452ba1db]
12:35:28.347 [Test worker] DEBUG org.springframework.test.context.support.AbstractDirtiesContextTestExecutionListener - Before test class: context [DefaultTestContext@51df223b testClass = FilterProductsByStockUseCaseTest, testInstance = [null], testMethod = [null], testException = [null], mergedContextConfiguration = [WebMergedContextConfiguration@fd46303 testClass = FilterProductsByStockUseCaseTest, locations = '{}', classes = '{class com.acelera.ti.stock.StockApplication}', contextInitializerClasses = '[]', activeProfiles = '{}', propertySourceLocations = '{}', propertySourceProperties = '{org.springframework.boot.test.context.SpringBootTestContextBootstrapper=true}', contextCustomizers = set[org.springframework.boot.test.autoconfigure.actuate.metrics.MetricsExportContextCustomizerFactory$DisableMetricExportContextCustomizer@61a88b8c, org.springframework.boot.test.autoconfigure.properties.PropertyMappingContextCustomizer@0, org.springframework.boot.test.autoconfigure.web.servlet.WebDriverContextCustomizerFactory$Customizer@43f82e78, org.springframework.boot.test.context.filter.ExcludeFilterContextCustomizer@517566b, org.springframework.boot.test.json.DuplicateJsonObjectContextCustomizerFactory$DuplicateJsonObjectContextCustomizer@4ff4357f, org.springframework.boot.test.mock.mockito.MockitoContextCustomizer@0, org.springframework.boot.test.web.client.TestRestTemplateContextCustomizer@130dca52, org.springframework.boot.test.context.SpringBootTestArgs@1, org.springframework.boot.test.context.SpringBootTestWebEnvironment@16a0ee18], resourceBasePath = 'src/main/webapp', contextLoader = 'org.springframework.boot.test.context.SpringBootContextLoader', parent = [null]], attributes = map['org.springframework.test.context.web.ServletTestExecutionListener.activateListener' -> true]], class annotated with @DirtiesContext [false] with mode [null].

  .   ____          _            __ _ _
 /\\ / ___'_ __ _ _(_)_ __  __ _ \ \ \ \
( ( )\___ | '_ | '_| | '_ \/ _` | \ \ \ \
 \\/  ___)| |_)| | | | | || (_| |  ) ) ) )
  '  |____| .__|_| |_|_| |_\__, | / / / /
 =========|_|==============|___/=/_/_/_/
 :: Spring Boot ::               (v2.7.10)

2023-03-27 12:35:28.927  INFO 13208 --- [    Test worker] s.d.u.o.FilterProductsByStockUseCaseTest : Starting FilterProductsByStockUseCaseTest using Java 17.0.6 on LAPTOP-M11UP4GC with PID 13208 (started by AdminJ in C:\aceleraTiStock_2\ms-stock)
2023-03-27 12:35:28.928  INFO 13208 --- [    Test worker] s.d.u.o.FilterProductsByStockUseCaseTest : No active profile set, falling back to 1 default profile: "default"
2023-03-27 12:35:29.880  INFO 13208 --- [    Test worker] o.s.cloud.context.scope.GenericScope     : BeanFactory id=e099412d-e3b6-3d78-909b-926c94505255
2023-03-27 12:35:31.496  INFO 13208 --- [    Test worker] s.d.u.o.FilterProductsByStockUseCaseTest : Started FilterProductsByStockUseCaseTest in 3.096 seconds (JVM running for 5.508)
]]></system-out>
  <system-err><![CDATA[]]></system-err>
</testsuite>
